-------------------------
Rank 6 start at: 15570822414
Rank 6  end  at: 18165959483
-------------------------
Rank 4 start at: 10380548276
Rank 4  end  at: 12975685345
-------------------------
Rank 0 start at: 0
Rank 0  end  at: 2595137069
-------------------------
Rank 5 start at: 12975685345
Rank 5  end  at: 15570822414
-------------------------
Rank 2 start at: 5190274138
Rank 2  end  at: 7785411207
-------------------------
Rank 3 start at: 7785411207
Rank 3  end  at: 10380548276
-------------------------
Rank 1 start at: 2595137069
Rank 1  end  at: 5190274138
-------------------------
Rank 7 start at: 18165959483
Rank 7  end  at: 20761096558
Rank 3 Program Running Time: 0:01:23.787296 Seconds
Rank 1 Program Running Time: 0:01:23.787308 Seconds
Rank 2 Program Running Time: 0:01:25.505222 Seconds
Rank 4 Program Running Time: 0:01:46.683811 Seconds
Rank 7 Program Running Time: 0:01:48.372277 Seconds
Rank 6 Program Running Time: 0:01:52.370760 Seconds
Rank 5 Program Running Time: 0:01:52.554437 Seconds
Rank 0, gather result and do sort:
-------------------------
1.#auspol,35056
2.#coronavirus,17167
3.#มาพ่องเพิ่งอะไร,15054
4.#firefightaustralia,12206
5.#oldme,12166
6.#grammys,10039
7.#assange,8201
8.#scottyfrommarketing,4814
9.#btsarmy,4677
10.#taehyung,4665
-------------------------
1.English(en),3107116
2.Undefined(und),252117
3.Thai(th),134571
4.Portuguese(pt),125858
5.Spanish(es),74028
6.Japanese(ja),49929
7.Tagalog(tl),44560
8.Indonesian(in),42296
9.French(fr),30849
10.Arabic(ar),12400
-------------------------
Rank 0 Program Running Time: 0:01:52.558933 Seconds

real	1m55.555s
user	5m46.812s
sys	0m22.588s
