--------------------------------------------------------------------------
No OpenFabrics connection schemes reported that they were able to be
used on a specific port.  As such, the openib BTL (OpenFabrics
support) will be disabled for this port.

  Local host:           spartan-bm063
  Local device:         mlx5_bond_0
  Local port:           1
  CPCs attempted:       rdmacm
--------------------------------------------------------------------------
[spartan-bm063.hpc.unimelb.edu.au:69322] pml_ucx.c:223 Error: UCP worker does not support MPI_THREAD_MULTIPLE
Rank 0 parallel time: 0:08:24.818407
-------------------------
1.#auspol,37307
2.#coronavirus,18870
3.#มาพ่องเพิ่งอะไร,15060
4.#firefightaustralia,13123
5.#oldme,12777
6.#grammys,10136
7.#assange,9531
8.#sportsrorts,9475
9.#scottyfrommarketing,8815
10.#เป๊กผลิตโชค,8671
-------------------------
1.English(en),5025807
2.Undefined(und),365068
3.Thai(th),265244
4.Portuguese(pt),177772
5.Spanish(es),122250
6.Japanese(ja),75327
7.French(fr),70308
8.Tagalog(tl),67867
9.Indonesian(in),58981
10.Korean(ko),34081
-------------------------
Rank 0 serial part time: 0:00:00.075615 seconds
Rank 0 mpi communicate time: 0:00:00.088220 seconds
Rank 0 init mpi time: 0:00:00.000017 Seconds

real	8m27.147s
user	8m15.190s
sys	0m11.602s
