Rank 0 parallel time: 0:10:49.022022
-------------------------
1.#auspol,37307
2.#coronavirus,18870
3.#มาพ่องเพิ่งอะไร,15060
4.#firefightaustralia,13123
5.#oldme,12777
6.#grammys,10136
7.#assange,9531
8.#sportsrorts,9475
9.#scottyfrommarketing,8815
10.#เป๊กผลิตโชค,8671
-------------------------
1.English(en),5025807
2.Undefined(und),365068
3.Thai(th),265244
4.Portuguese(pt),177772
5.Spanish(es),122250
6.Japanese(ja),75327
7.French(fr),70308
8.Tagalog(tl),67867
9.Indonesian(in),58981
10.Korean(ko),34081
-------------------------
Rank 0 serial part time: 0:00:00.067478 seconds
Rank 0 mpi communicate time: 0:00:00.165395 seconds
Rank 0 init mpi time: 0:00:00.000038 Seconds

real	10m55.213s
user	10m26.181s
sys	0m25.387s
